<?xml version="1.0" encoding="UTF-8"?>
<!-- Generated by org.testng.reporters.JUnitReportReporter -->
<testsuite skipped="0" hostname="MYPC" name="test.SearchHotels" tests="1" failures="0" timestamp="26 Aug 2020 23:58:46 GMT" time="76.659" errors="0">
  <testcase name="SearchHotelTest" time="76.659" classname="test.SearchHotels"/>
</testsuite> <!-- test.SearchHotels -->
