<?xml version="1.0" encoding="UTF-8"?>
<!-- Generated by org.testng.reporters.JUnitReportReporter -->
<testsuite skipped="0" hostname="MYPC" name="test.SearchHotels" tests="1" failures="0" timestamp="27 Aug 2020 00:55:10 GMT" time="78.896" errors="0">
  <testcase name="SearchHotelTest" time="78.896" classname="test.SearchHotels"/>
</testsuite> <!-- test.SearchHotels -->
