<?xml version="1.0" encoding="UTF-8"?>
<!-- Generated by org.testng.reporters.JUnitReportReporter -->
<testsuite skipped="0" hostname="MYPC" name="test.SearchHotels" tests="1" failures="0" timestamp="26 Aug 2020 00:03:54 GMT" time="14.914" errors="0">
  <testcase name="testTrelloPageLogin" time="14.914" classname="test.SearchHotels"/>
</testsuite> <!-- test.SearchHotels -->
