<?xml version="1.0" encoding="UTF-8"?>
<!-- Generated by org.testng.reporters.JUnitReportReporter -->
<testsuite skipped="0" hostname="MYPC" name="test.SearchHotelsTest" tests="1" failures="0" timestamp="27 Aug 2020 02:19:34 GMT" time="78.505" errors="0">
  <testcase name="SearchHotelTest" time="78.505" classname="test.SearchHotelsTest"/>
</testsuite> <!-- test.SearchHotelsTest -->
