<?xml version="1.0" encoding="UTF-8"?>
<!-- Generated by org.testng.reporters.JUnitReportReporter -->
<testsuite skipped="0" hostname="MYPC" name="test.SearchHotelsTest" tests="1" failures="0" timestamp="29 Aug 2020 17:27:07 GMT" time="76.117" errors="0">
  <testcase name="SearchHotelTest" time="76.117" classname="test.SearchHotelsTest"/>
</testsuite> <!-- test.SearchHotelsTest -->
