<?xml version="1.0" encoding="UTF-8"?>
<!-- Generated by org.testng.reporters.JUnitReportReporter -->
<testsuite skipped="0" hostname="MYPC" name="test.SearchHotels" tests="1" failures="0" timestamp="26 Aug 2020 02:51:28 GMT" time="22.830" errors="0">
  <testcase name="SearchHotelTest" time="22.830" classname="test.SearchHotels"/>
</testsuite> <!-- test.SearchHotels -->
